<!DOCTYPE html PUBLIC "-//W3C//DTD XHTML 1.1//EN" "https://www.w3.org/TR/xhtml11/DTD/xhtml11.dtd">
<html xmlns="https://www.w3.org/1999/xhtml">
<head>
<meta http-equiv="content-type" content="text/html; charset=UTF-8"/>
<title>TestNG Report</title>
<style type="text/css">table {margin-bottom:10px;border-collapse:collapse;empty-cells:show}th,td {border:1px solid #009;padding:.25em .5em}th {vertical-align:bottom}td {vertical-align:top}table a {font-weight:bold}.stripe td {background-color: #E6EBF9}.num {text-align:right}.passedodd td {background-color: #3F3}.passedeven td {background-color: #0A0}.skippedodd td {background-color: #DDD}.skippedeven td {background-color: #CCC}.failedodd td,.attn {background-color: #F33}.failedeven td,.stripe .attn {background-color: #D00}.stacktrace {white-space:pre;font-family:monospace}.totop {font-size:85%;text-align:center;border-bottom:2px solid #000}.invisible {display:none}</style>
</head>
<body>
<table>
<tr><th>Test</th><th># Passed</th><th># Skipped</th><th># Retried</th><th># Failed</th><th>Time (ms)</th><th>Included Groups</th><th>Excluded Groups</th></tr>
<tr><th colspan="8">Suite</th></tr>
<tr><td><a href="#t0">Test</a></td><td class="num">19</td><td class="num">0</td><td class="num">0</td><td class="num attn">2</td><td class="num">242,434</td><td></td><td></td></tr>
</table>
<table id='summary'><thead><tr><th>Class</th><th>Method</th><th>Start</th><th>Time (ms)</th></tr></thead><tbody><tr><th colspan="4">Suite</th></tr></tbody><tbody id="t0"><tr><th colspan="4">Test &#8212; failed</th></tr><tr class="failedeven"><td rowspan="2">AddToCart.TestSuite_1</td><td><a href="#m0">cart_continue_shopping_button</a></td><td rowspan="1">1729099686441</td><td rowspan="1">39266</td></tr><tr class="failedeven"><td><a href="#m1">cart_remove_button</a></td><td rowspan="1">1729099725708</td><td rowspan="1">26776</td></tr><tr><th colspan="4">Test &#8212; passed</th></tr><tr class="passedeven"><td rowspan="3">AddToCart.TestSuite_1</td><td><a href="#m2">AddingItems_to_cart_successfully</a></td><td rowspan="1">1729099644599</td><td rowspan="1">4226</td></tr><tr class="passedeven"><td><a href="#m3">AddingOneItem_to_cart_successfully</a></td><td rowspan="1">1729099648826</td><td rowspan="1">4837</td></tr><tr class="passedeven"><td><a href="#m4">Inventory_remove_button</a></td><td rowspan="1">1729099653664</td><td rowspan="1">32775</td></tr><tr class="passedodd"><td rowspan="2">Login.TestSuite_1</td><td><a href="#m5">Login_without_credentials</a></td><td rowspan="1">1729099523357</td><td rowspan="1">2972</td></tr><tr class="passedodd"><td><a href="#m6">Login_without_credentials_close_button</a></td><td rowspan="1">1729099526330</td><td rowspan="1">3412</td></tr><tr class="passedeven"><td rowspan="3">Login.TestSuite_2</td><td><a href="#m7">Login_without_password</a></td><td rowspan="1">1729099517378</td><td rowspan="1">1911</td></tr><tr class="passedeven"><td><a href="#m8">Login_without_password_close_button</a></td><td rowspan="1">1729099519290</td><td rowspan="1">1945</td></tr><tr class="passedeven"><td><a href="#m9">Login_without_username</a></td><td rowspan="1">1729099521235</td><td rowspan="1">2120</td></tr><tr class="passedodd"><td rowspan="2">Login.TestSuite_3</td><td><a href="#m10">Login_with_wrong_credentials</a></td><td rowspan="1">1729099512204</td><td rowspan="1">2647</td></tr><tr class="passedodd"><td><a href="#m11">Login_with_wrong_credentials_close_button</a></td><td rowspan="1">1729099514853</td><td rowspan="1">2523</td></tr><tr class="passedeven"><td rowspan="1">Login.TestSuite_4</td><td><a href="#m12">Login_with_correct_credentials</a></td><td rowspan="1">1729099752486</td><td rowspan="1">2129</td></tr><tr class="passedodd"><td rowspan="4">Navigation.TestSuite_1</td><td><a href="#m13">Navigate_AboutPage</a></td><td rowspan="1">1729099546331</td><td rowspan="1">58889</td></tr><tr class="passedodd"><td><a href="#m14">Navigation_AllItems</a></td><td rowspan="1">1729099605223</td><td rowspan="1">11391</td></tr><tr class="passedodd"><td><a href="#m15">Navigation_Close_button</a></td><td rowspan="1">1729099616615</td><td rowspan="1">7422</td></tr><tr class="passedodd"><td><a href="#m16">Reset_App_State</a></td><td rowspan="1">1729099624037</td><td rowspan="1">13911</td></tr><tr class="passedeven"><td rowspan="1">Navigation.TestSuite_2</td><td><a href="#m17">Navigate_LoginPage</a></td><td rowspan="1">1729099637949</td><td rowspan="1">6649</td></tr><tr class="passedodd"><td rowspan="3">Navigation.TestSuite_3</td><td><a href="#m18">Navigate_Facebook</a></td><td rowspan="1">1729099529743</td><td rowspan="1">3343</td></tr><tr class="passedodd"><td><a href="#m19">Navigate_LinkedIN</a></td><td rowspan="1">1729099533089</td><td rowspan="1">5000</td></tr><tr class="passedodd"><td><a href="#m20">Navigate_Twitter</a></td><td rowspan="1">1729099538090</td><td rowspan="1">8239</td></tr></tbody>
</table>
<h2>Test</h2><h3 id="m0">AddToCart.TestSuite_1#cart_continue_shopping_button</h3><table class="result"><tr><th>Exception</th></tr><tr><td><div class="stacktrace">org.openqa.selenium.NoSuchElementException: no such element: Unable to locate element: {&quot;method&quot;:&quot;css selector&quot;,&quot;selector&quot;:&quot;#user\-name&quot;}
  (Session info: chrome=129.0.6668.90)
For documentation on this error, please visit: https://www.selenium.dev/documentation/webdriver/troubleshooting/errors#no-such-element-exception
Build info: version: &apos;4.25.0&apos;, revision: &apos;8a8aea2337&apos;
System info: os.name: &apos;Windows 10&apos;, os.arch: &apos;amd64&apos;, os.version: &apos;10.0&apos;, java.version: &apos;21.0.4&apos;
Driver info: org.openqa.selenium.chrome.ChromeDriver
Command: [4bd5790f523876de6ce8b13da2c6dc71, findElement {value=user-name, using=id}]
Capabilities {acceptInsecureCerts: false, browserName: chrome, browserVersion: 129.0.6668.90, chrome: {chromedriverVersion: 129.0.6668.100 (cf58cba358d..., userDataDir: C:\Users\LENOVO\AppData\Loc...}, fedcm:accounts: true, goog:chromeOptions: {debuggerAddress: localhost:64570}, networkConnectionEnabled: false, pageLoadStrategy: normal, platformName: windows, proxy: Proxy(), se:cdp: ws://localhost:64570/devtoo..., se:cdpVersion: 129.0.6668.90, setWindowRect: true, strictFileInteractability: false, timeouts: {implicit: 0, pageLoad: 300000, script: 30000}, unhandledPromptBehavior: dismiss and notify, webauthn:extension:credBlob: true, webauthn:extension:largeBlob: true, webauthn:extension:minPinLength: true, webauthn:extension:prf: true, webauthn:virtualAuthenticators: true}
Session ID: 4bd5790f523876de6ce8b13da2c6dc71
	at org.openqa.selenium.remote.ErrorCodec.decode(ErrorCodec.java:167)
	at org.openqa.selenium.remote.codec.w3c.W3CHttpResponseCodec.decode(W3CHttpResponseCodec.java:138)
	at org.openqa.selenium.remote.codec.w3c.W3CHttpResponseCodec.decode(W3CHttpResponseCodec.java:50)
	at org.openqa.selenium.remote.HttpCommandExecutor.execute(HttpCommandExecutor.java:190)
	at org.openqa.selenium.remote.service.DriverCommandExecutor.invokeExecute(DriverCommandExecutor.java:216)
	at org.openqa.selenium.remote.service.DriverCommandExecutor.execute(DriverCommandExecutor.java:174)
	at org.openqa.selenium.remote.RemoteWebDriver.execute(RemoteWebDriver.java:545)
	at org.openqa.selenium.remote.ElementLocation$ElementFinder$2.findElement(ElementLocation.java:165)
	at org.openqa.selenium.remote.ElementLocation.findElement(ElementLocation.java:66)
	at org.openqa.selenium.remote.RemoteWebDriver.findElement(RemoteWebDriver.java:368)
	at org.openqa.selenium.remote.RemoteWebDriver.findElement(RemoteWebDriver.java:362)
	at AddToCart.TestSuite_1.cart_continue_shopping_button(TestSuite_1.java:103)
	at java.base/java.util.ArrayList.forEach(ArrayList.java:1596)
... Removed 28 stack frames</div></td></tr></table><p class="totop"><a href="#summary">back to summary</a></p>
<h3 id="m1">AddToCart.TestSuite_1#cart_remove_button</h3><table class="result"><tr><th>Exception</th></tr><tr><td><div class="stacktrace">org.openqa.selenium.NoSuchWindowException: no such window: target window already closed
from unknown error: web view not found
  (Session info: chrome=129.0.6668.90)
Build info: version: &apos;4.25.0&apos;, revision: &apos;8a8aea2337&apos;
System info: os.name: &apos;Windows 10&apos;, os.arch: &apos;amd64&apos;, os.version: &apos;10.0&apos;, java.version: &apos;21.0.4&apos;
Driver info: org.openqa.selenium.chrome.ChromeDriver
Command: [0e89b054ffe9465a26568e5635dc99ce, findElement {value=user-name, using=id}]
Capabilities {acceptInsecureCerts: false, browserName: chrome, browserVersion: 129.0.6668.90, chrome: {chromedriverVersion: 129.0.6668.100 (cf58cba358d..., userDataDir: C:\Users\LENOVO\AppData\Loc...}, fedcm:accounts: true, goog:chromeOptions: {debuggerAddress: localhost:64743}, networkConnectionEnabled: false, pageLoadStrategy: normal, platformName: windows, proxy: Proxy(), se:cdp: ws://localhost:64743/devtoo..., se:cdpVersion: 129.0.6668.90, setWindowRect: true, strictFileInteractability: false, timeouts: {implicit: 0, pageLoad: 300000, script: 30000}, unhandledPromptBehavior: dismiss and notify, webauthn:extension:credBlob: true, webauthn:extension:largeBlob: true, webauthn:extension:minPinLength: true, webauthn:extension:prf: true, webauthn:virtualAuthenticators: true}
Session ID: 0e89b054ffe9465a26568e5635dc99ce
	at org.openqa.selenium.remote.ErrorCodec.decode(ErrorCodec.java:167)
	at org.openqa.selenium.remote.codec.w3c.W3CHttpResponseCodec.decode(W3CHttpResponseCodec.java:138)
	at org.openqa.selenium.remote.codec.w3c.W3CHttpResponseCodec.decode(W3CHttpResponseCodec.java:50)
	at org.openqa.selenium.remote.HttpCommandExecutor.execute(HttpCommandExecutor.java:190)
	at org.openqa.selenium.remote.service.DriverCommandExecutor.invokeExecute(DriverCommandExecutor.java:216)
	at org.openqa.selenium.remote.service.DriverCommandExecutor.execute(DriverCommandExecutor.java:174)
	at org.openqa.selenium.remote.RemoteWebDriver.execute(RemoteWebDriver.java:545)
	at org.openqa.selenium.remote.ElementLocation$ElementFinder$2.findElement(ElementLocation.java:165)
	at org.openqa.selenium.remote.ElementLocation.findElement(ElementLocation.java:66)
	at org.openqa.selenium.remote.RemoteWebDriver.findElement(RemoteWebDriver.java:368)
	at org.openqa.selenium.remote.RemoteWebDriver.findElement(RemoteWebDriver.java:362)
	at AddToCart.TestSuite_1.cart_remove_button(TestSuite_1.java:84)
	at java.base/java.util.ArrayList.forEach(ArrayList.java:1596)
... Removed 28 stack frames</div></td></tr></table><p class="totop"><a href="#summary">back to summary</a></p>
<h3 id="m2">AddToCart.TestSuite_1#AddingItems_to_cart_successfully</h3><table class="result"><tr><th class="invisible"/></tr></table><p class="totop"><a href="#summary">back to summary</a></p>
<h3 id="m3">AddToCart.TestSuite_1#AddingOneItem_to_cart_successfully</h3><table class="result"><tr><th class="invisible"/></tr></table><p class="totop"><a href="#summary">back to summary</a></p>
<h3 id="m4">AddToCart.TestSuite_1#Inventory_remove_button</h3><table class="result"><tr><th class="invisible"/></tr></table><p class="totop"><a href="#summary">back to summary</a></p>
<h3 id="m5">Login.TestSuite_1#Login_without_credentials</h3><table class="result"><tr><th class="invisible"/></tr></table><p class="totop"><a href="#summary">back to summary</a></p>
<h3 id="m6">Login.TestSuite_1#Login_without_credentials_close_button</h3><table class="result"><tr><th class="invisible"/></tr></table><p class="totop"><a href="#summary">back to summary</a></p>
<h3 id="m7">Login.TestSuite_2#Login_without_password</h3><table class="result"><tr><th class="invisible"/></tr></table><p class="totop"><a href="#summary">back to summary</a></p>
<h3 id="m8">Login.TestSuite_2#Login_without_password_close_button</h3><table class="result"><tr><th class="invisible"/></tr></table><p class="totop"><a href="#summary">back to summary</a></p>
<h3 id="m9">Login.TestSuite_2#Login_without_username</h3><table class="result"><tr><th class="invisible"/></tr></table><p class="totop"><a href="#summary">back to summary</a></p>
<h3 id="m10">Login.TestSuite_3#Login_with_wrong_credentials</h3><table class="result"><tr><th class="invisible"/></tr></table><p class="totop"><a href="#summary">back to summary</a></p>
<h3 id="m11">Login.TestSuite_3#Login_with_wrong_credentials_close_button</h3><table class="result"><tr><th class="invisible"/></tr></table><p class="totop"><a href="#summary">back to summary</a></p>
<h3 id="m12">Login.TestSuite_4#Login_with_correct_credentials</h3><table class="result"><tr><th class="invisible"/></tr></table><p class="totop"><a href="#summary">back to summary</a></p>
<h3 id="m13">Navigation.TestSuite_1#Navigate_AboutPage</h3><table class="result"><tr><th class="invisible"/></tr></table><p class="totop"><a href="#summary">back to summary</a></p>
<h3 id="m14">Navigation.TestSuite_1#Navigation_AllItems</h3><table class="result"><tr><th class="invisible"/></tr></table><p class="totop"><a href="#summary">back to summary</a></p>
<h3 id="m15">Navigation.TestSuite_1#Navigation_Close_button</h3><table class="result"><tr><th class="invisible"/></tr></table><p class="totop"><a href="#summary">back to summary</a></p>
<h3 id="m16">Navigation.TestSuite_1#Reset_App_State</h3><table class="result"><tr><th class="invisible"/></tr></table><p class="totop"><a href="#summary">back to summary</a></p>
<h3 id="m17">Navigation.TestSuite_2#Navigate_LoginPage</h3><table class="result"><tr><th class="invisible"/></tr></table><p class="totop"><a href="#summary">back to summary</a></p>
<h3 id="m18">Navigation.TestSuite_3#Navigate_Facebook</h3><table class="result"><tr><th class="invisible"/></tr></table><p class="totop"><a href="#summary">back to summary</a></p>
<h3 id="m19">Navigation.TestSuite_3#Navigate_LinkedIN</h3><table class="result"><tr><th class="invisible"/></tr></table><p class="totop"><a href="#summary">back to summary</a></p>
<h3 id="m20">Navigation.TestSuite_3#Navigate_Twitter</h3><table class="result"><tr><th class="invisible"/></tr></table><p class="totop"><a href="#summary">back to summary</a></p>
</body>
</html>
