<?xml version="1.0" encoding="UTF-8"?>
<testng-results ignored="0" total="21" passed="19" failed="2" skipped="0">
  <reporter-output>
  </reporter-output>
  <suite started-at="2024-10-16T20:25:12 EEST" name="Suite" finished-at="2024-10-16T20:29:14 EEST" duration-ms="242434">
    <groups>
    </groups>
    <test started-at="2024-10-16T20:25:12 EEST" name="Test" finished-at="2024-10-16T20:29:14 EEST" duration-ms="242434">
      <class name="Navigation.TestSuite_1">
        <test-method signature="Navigate_AboutPage()[pri:0, instance:Navigation.TestSuite_1@5a56cdac]" started-at="2024-10-16T20:25:46 EEST" name="Navigate_AboutPage" finished-at="2024-10-16T20:26:45 EEST" duration-ms="58889" status="PASS">
          <reporter-output>
          </reporter-output>
        </test-method> <!-- Navigate_AboutPage -->
        <test-method signature="Navigation_AllItems()[pri:0, instance:Navigation.TestSuite_1@5a56cdac]" started-at="2024-10-16T20:26:45 EEST" name="Navigation_AllItems" finished-at="2024-10-16T20:26:56 EEST" duration-ms="11391" status="PASS">
          <reporter-output>
          </reporter-output>
        </test-method> <!-- Navigation_AllItems -->
        <test-method signature="Navigation_Close_button()[pri:0, instance:Navigation.TestSuite_1@5a56cdac]" started-at="2024-10-16T20:26:56 EEST" name="Navigation_Close_button" finished-at="2024-10-16T20:27:04 EEST" duration-ms="7422" status="PASS">
          <reporter-output>
          </reporter-output>
        </test-method> <!-- Navigation_Close_button -->
        <test-method signature="Reset_App_State()[pri:0, instance:Navigation.TestSuite_1@5a56cdac]" started-at="2024-10-16T20:27:04 EEST" name="Reset_App_State" finished-at="2024-10-16T20:27:17 EEST" duration-ms="13911" status="PASS">
          <reporter-output>
          </reporter-output>
        </test-method> <!-- Reset_App_State -->
      </class> <!-- Navigation.TestSuite_1 -->
      <class name="AddToCart.TestSuite_1">
        <test-method signature="AddingItems_to_cart_successfully()[pri:0, instance:AddToCart.TestSuite_1@57cf54e1]" started-at="2024-10-16T20:27:24 EEST" name="AddingItems_to_cart_successfully" finished-at="2024-10-16T20:27:28 EEST" duration-ms="4226" status="PASS">
          <reporter-output>
          </reporter-output>
        </test-method> <!-- AddingItems_to_cart_successfully -->
        <test-method signature="AddingOneItem_to_cart_successfully()[pri:0, instance:AddToCart.TestSuite_1@57cf54e1]" started-at="2024-10-16T20:27:28 EEST" name="AddingOneItem_to_cart_successfully" finished-at="2024-10-16T20:27:33 EEST" duration-ms="4837" status="PASS">
          <reporter-output>
          </reporter-output>
        </test-method> <!-- AddingOneItem_to_cart_successfully -->
        <test-method signature="Inventory_remove_button()[pri:0, instance:AddToCart.TestSuite_1@57cf54e1]" started-at="2024-10-16T20:27:33 EEST" name="Inventory_remove_button" finished-at="2024-10-16T20:28:06 EEST" duration-ms="32775" status="PASS">
          <reporter-output>
          </reporter-output>
        </test-method> <!-- Inventory_remove_button -->
        <test-method signature="cart_continue_shopping_button()[pri:0, instance:AddToCart.TestSuite_1@57cf54e1]" started-at="2024-10-16T20:28:06 EEST" name="cart_continue_shopping_button" finished-at="2024-10-16T20:28:45 EEST" duration-ms="39266" status="FAIL">
          <exception class="org.openqa.selenium.NoSuchElementException">
            <message>
              <![CDATA[no such element: Unable to locate element: {"method":"css selector","selector":"#user\-name"}
  (Session info: chrome=129.0.6668.90)
For documentation on this error, please visit: https://www.selenium.dev/documentation/webdriver/troubleshooting/errors#no-such-element-exception
Build info: version: '4.25.0', revision: '8a8aea2337'
System info: os.name: 'Windows 10', os.arch: 'amd64', os.version: '10.0', java.version: '21.0.4'
Driver info: org.openqa.selenium.chrome.ChromeDriver
Command: [4bd5790f523876de6ce8b13da2c6dc71, findElement {value=user-name, using=id}]
Capabilities {acceptInsecureCerts: false, browserName: chrome, browserVersion: 129.0.6668.90, chrome: {chromedriverVersion: 129.0.6668.100 (cf58cba358d..., userDataDir: C:\Users\LENOVO\AppData\Loc...}, fedcm:accounts: true, goog:chromeOptions: {debuggerAddress: localhost:64570}, networkConnectionEnabled: false, pageLoadStrategy: normal, platformName: windows, proxy: Proxy(), se:cdp: ws://localhost:64570/devtoo..., se:cdpVersion: 129.0.6668.90, setWindowRect: true, strictFileInteractability: false, timeouts: {implicit: 0, pageLoad: 300000, script: 30000}, unhandledPromptBehavior: dismiss and notify, webauthn:extension:credBlob: true, webauthn:extension:largeBlob: true, webauthn:extension:minPinLength: true, webauthn:extension:prf: true, webauthn:virtualAuthenticators: true}
Session ID: 4bd5790f523876de6ce8b13da2c6dc71]]>
            </message>
            <full-stacktrace>
              <![CDATA[org.openqa.selenium.NoSuchElementException: no such element: Unable to locate element: {"method":"css selector","selector":"#user\-name"}
  (Session info: chrome=129.0.6668.90)
For documentation on this error, please visit: https://www.selenium.dev/documentation/webdriver/troubleshooting/errors#no-such-element-exception
Build info: version: '4.25.0', revision: '8a8aea2337'
System info: os.name: 'Windows 10', os.arch: 'amd64', os.version: '10.0', java.version: '21.0.4'
Driver info: org.openqa.selenium.chrome.ChromeDriver
Command: [4bd5790f523876de6ce8b13da2c6dc71, findElement {value=user-name, using=id}]
Capabilities {acceptInsecureCerts: false, browserName: chrome, browserVersion: 129.0.6668.90, chrome: {chromedriverVersion: 129.0.6668.100 (cf58cba358d..., userDataDir: C:\Users\LENOVO\AppData\Loc...}, fedcm:accounts: true, goog:chromeOptions: {debuggerAddress: localhost:64570}, networkConnectionEnabled: false, pageLoadStrategy: normal, platformName: windows, proxy: Proxy(), se:cdp: ws://localhost:64570/devtoo..., se:cdpVersion: 129.0.6668.90, setWindowRect: true, strictFileInteractability: false, timeouts: {implicit: 0, pageLoad: 300000, script: 30000}, unhandledPromptBehavior: dismiss and notify, webauthn:extension:credBlob: true, webauthn:extension:largeBlob: true, webauthn:extension:minPinLength: true, webauthn:extension:prf: true, webauthn:virtualAuthenticators: true}
Session ID: 4bd5790f523876de6ce8b13da2c6dc71
at java.base/jdk.internal.reflect.DirectConstructorHandleAccessor.newInstance(DirectConstructorHandleAccessor.java:62)
at java.base/java.lang.reflect.Constructor.newInstanceWithCaller(Constructor.java:502)
at java.base/java.lang.reflect.Constructor.newInstance(Constructor.java:486)
at org.openqa.selenium.remote.ErrorCodec.decode(ErrorCodec.java:167)
at org.openqa.selenium.remote.codec.w3c.W3CHttpResponseCodec.decode(W3CHttpResponseCodec.java:138)
at org.openqa.selenium.remote.codec.w3c.W3CHttpResponseCodec.decode(W3CHttpResponseCodec.java:50)
at org.openqa.selenium.remote.HttpCommandExecutor.execute(HttpCommandExecutor.java:190)
at org.openqa.selenium.remote.service.DriverCommandExecutor.invokeExecute(DriverCommandExecutor.java:216)
at org.openqa.selenium.remote.service.DriverCommandExecutor.execute(DriverCommandExecutor.java:174)
at org.openqa.selenium.remote.RemoteWebDriver.execute(RemoteWebDriver.java:545)
at org.openqa.selenium.remote.ElementLocation$ElementFinder$2.findElement(ElementLocation.java:165)
at org.openqa.selenium.remote.ElementLocation.findElement(ElementLocation.java:66)
at org.openqa.selenium.remote.RemoteWebDriver.findElement(RemoteWebDriver.java:368)
at org.openqa.selenium.remote.RemoteWebDriver.findElement(RemoteWebDriver.java:362)
at AddToCart.TestSuite_1.cart_continue_shopping_button(TestSuite_1.java:103)
at java.base/jdk.internal.reflect.DirectMethodHandleAccessor.invoke(DirectMethodHandleAccessor.java:103)
at java.base/java.lang.reflect.Method.invoke(Method.java:580)
at org.testng.internal.MethodInvocationHelper.invokeMethod(MethodInvocationHelper.java:133)
at org.testng.internal.TestInvoker.invokeMethod(TestInvoker.java:598)
at org.testng.internal.TestInvoker.invokeTestMethod(TestInvoker.java:173)
at org.testng.internal.MethodRunner.runInSequence(MethodRunner.java:46)
at org.testng.internal.TestInvoker$MethodInvocationAgent.invoke(TestInvoker.java:824)
at org.testng.internal.TestInvoker.invokeTestMethods(TestInvoker.java:146)
at org.testng.internal.TestMethodWorker.invokeTestMethods(TestMethodWorker.java:146)
at org.testng.internal.TestMethodWorker.run(TestMethodWorker.java:128)
at java.base/java.util.ArrayList.forEach(ArrayList.java:1596)
at org.testng.TestRunner.privateRun(TestRunner.java:794)
at org.testng.TestRunner.run(TestRunner.java:596)
at org.testng.SuiteRunner.runTest(SuiteRunner.java:377)
at org.testng.SuiteRunner.runSequentially(SuiteRunner.java:371)
at org.testng.SuiteRunner.privateRun(SuiteRunner.java:332)
at org.testng.SuiteRunner.run(SuiteRunner.java:276)
at org.testng.SuiteRunnerWorker.runSuite(SuiteRunnerWorker.java:53)
at org.testng.SuiteRunnerWorker.run(SuiteRunnerWorker.java:96)
at org.testng.TestNG.runSuitesSequentially(TestNG.java:1212)
at org.testng.TestNG.runSuitesLocally(TestNG.java:1134)
at org.testng.TestNG.runSuites(TestNG.java:1063)
at org.testng.TestNG.run(TestNG.java:1031)
at org.testng.remote.AbstractRemoteTestNG.run(AbstractRemoteTestNG.java:115)
at org.testng.remote.RemoteTestNG.initAndRun(RemoteTestNG.java:293)
at org.testng.remote.RemoteTestNG.main(RemoteTestNG.java:91)
]]>
            </full-stacktrace>
          </exception> <!-- org.openqa.selenium.NoSuchElementException -->
          <reporter-output>
          </reporter-output>
        </test-method> <!-- cart_continue_shopping_button -->
        <test-method signature="cart_remove_button()[pri:0, instance:AddToCart.TestSuite_1@57cf54e1]" started-at="2024-10-16T20:28:45 EEST" name="cart_remove_button" finished-at="2024-10-16T20:29:12 EEST" duration-ms="26776" status="FAIL">
          <exception class="org.openqa.selenium.NoSuchWindowException">
            <message>
              <![CDATA[no such window: target window already closed
from unknown error: web view not found
  (Session info: chrome=129.0.6668.90)
Build info: version: '4.25.0', revision: '8a8aea2337'
System info: os.name: 'Windows 10', os.arch: 'amd64', os.version: '10.0', java.version: '21.0.4'
Driver info: org.openqa.selenium.chrome.ChromeDriver
Command: [0e89b054ffe9465a26568e5635dc99ce, findElement {value=user-name, using=id}]
Capabilities {acceptInsecureCerts: false, browserName: chrome, browserVersion: 129.0.6668.90, chrome: {chromedriverVersion: 129.0.6668.100 (cf58cba358d..., userDataDir: C:\Users\LENOVO\AppData\Loc...}, fedcm:accounts: true, goog:chromeOptions: {debuggerAddress: localhost:64743}, networkConnectionEnabled: false, pageLoadStrategy: normal, platformName: windows, proxy: Proxy(), se:cdp: ws://localhost:64743/devtoo..., se:cdpVersion: 129.0.6668.90, setWindowRect: true, strictFileInteractability: false, timeouts: {implicit: 0, pageLoad: 300000, script: 30000}, unhandledPromptBehavior: dismiss and notify, webauthn:extension:credBlob: true, webauthn:extension:largeBlob: true, webauthn:extension:minPinLength: true, webauthn:extension:prf: true, webauthn:virtualAuthenticators: true}
Session ID: 0e89b054ffe9465a26568e5635dc99ce]]>
            </message>
            <full-stacktrace>
              <![CDATA[org.openqa.selenium.NoSuchWindowException: no such window: target window already closed
from unknown error: web view not found
  (Session info: chrome=129.0.6668.90)
Build info: version: '4.25.0', revision: '8a8aea2337'
System info: os.name: 'Windows 10', os.arch: 'amd64', os.version: '10.0', java.version: '21.0.4'
Driver info: org.openqa.selenium.chrome.ChromeDriver
Command: [0e89b054ffe9465a26568e5635dc99ce, findElement {value=user-name, using=id}]
Capabilities {acceptInsecureCerts: false, browserName: chrome, browserVersion: 129.0.6668.90, chrome: {chromedriverVersion: 129.0.6668.100 (cf58cba358d..., userDataDir: C:\Users\LENOVO\AppData\Loc...}, fedcm:accounts: true, goog:chromeOptions: {debuggerAddress: localhost:64743}, networkConnectionEnabled: false, pageLoadStrategy: normal, platformName: windows, proxy: Proxy(), se:cdp: ws://localhost:64743/devtoo..., se:cdpVersion: 129.0.6668.90, setWindowRect: true, strictFileInteractability: false, timeouts: {implicit: 0, pageLoad: 300000, script: 30000}, unhandledPromptBehavior: dismiss and notify, webauthn:extension:credBlob: true, webauthn:extension:largeBlob: true, webauthn:extension:minPinLength: true, webauthn:extension:prf: true, webauthn:virtualAuthenticators: true}
Session ID: 0e89b054ffe9465a26568e5635dc99ce
at java.base/jdk.internal.reflect.DirectConstructorHandleAccessor.newInstance(DirectConstructorHandleAccessor.java:62)
at java.base/java.lang.reflect.Constructor.newInstanceWithCaller(Constructor.java:502)
at java.base/java.lang.reflect.Constructor.newInstance(Constructor.java:486)
at org.openqa.selenium.remote.ErrorCodec.decode(ErrorCodec.java:167)
at org.openqa.selenium.remote.codec.w3c.W3CHttpResponseCodec.decode(W3CHttpResponseCodec.java:138)
at org.openqa.selenium.remote.codec.w3c.W3CHttpResponseCodec.decode(W3CHttpResponseCodec.java:50)
at org.openqa.selenium.remote.HttpCommandExecutor.execute(HttpCommandExecutor.java:190)
at org.openqa.selenium.remote.service.DriverCommandExecutor.invokeExecute(DriverCommandExecutor.java:216)
at org.openqa.selenium.remote.service.DriverCommandExecutor.execute(DriverCommandExecutor.java:174)
at org.openqa.selenium.remote.RemoteWebDriver.execute(RemoteWebDriver.java:545)
at org.openqa.selenium.remote.ElementLocation$ElementFinder$2.findElement(ElementLocation.java:165)
at org.openqa.selenium.remote.ElementLocation.findElement(ElementLocation.java:66)
at org.openqa.selenium.remote.RemoteWebDriver.findElement(RemoteWebDriver.java:368)
at org.openqa.selenium.remote.RemoteWebDriver.findElement(RemoteWebDriver.java:362)
at AddToCart.TestSuite_1.cart_remove_button(TestSuite_1.java:84)
at java.base/jdk.internal.reflect.DirectMethodHandleAccessor.invoke(DirectMethodHandleAccessor.java:103)
at java.base/java.lang.reflect.Method.invoke(Method.java:580)
at org.testng.internal.MethodInvocationHelper.invokeMethod(MethodInvocationHelper.java:133)
at org.testng.internal.TestInvoker.invokeMethod(TestInvoker.java:598)
at org.testng.internal.TestInvoker.invokeTestMethod(TestInvoker.java:173)
at org.testng.internal.MethodRunner.runInSequence(MethodRunner.java:46)
at org.testng.internal.TestInvoker$MethodInvocationAgent.invoke(TestInvoker.java:824)
at org.testng.internal.TestInvoker.invokeTestMethods(TestInvoker.java:146)
at org.testng.internal.TestMethodWorker.invokeTestMethods(TestMethodWorker.java:146)
at org.testng.internal.TestMethodWorker.run(TestMethodWorker.java:128)
at java.base/java.util.ArrayList.forEach(ArrayList.java:1596)
at org.testng.TestRunner.privateRun(TestRunner.java:794)
at org.testng.TestRunner.run(TestRunner.java:596)
at org.testng.SuiteRunner.runTest(SuiteRunner.java:377)
at org.testng.SuiteRunner.runSequentially(SuiteRunner.java:371)
at org.testng.SuiteRunner.privateRun(SuiteRunner.java:332)
at org.testng.SuiteRunner.run(SuiteRunner.java:276)
at org.testng.SuiteRunnerWorker.runSuite(SuiteRunnerWorker.java:53)
at org.testng.SuiteRunnerWorker.run(SuiteRunnerWorker.java:96)
at org.testng.TestNG.runSuitesSequentially(TestNG.java:1212)
at org.testng.TestNG.runSuitesLocally(TestNG.java:1134)
at org.testng.TestNG.runSuites(TestNG.java:1063)
at org.testng.TestNG.run(TestNG.java:1031)
at org.testng.remote.AbstractRemoteTestNG.run(AbstractRemoteTestNG.java:115)
at org.testng.remote.RemoteTestNG.initAndRun(RemoteTestNG.java:293)
at org.testng.remote.RemoteTestNG.main(RemoteTestNG.java:91)
]]>
            </full-stacktrace>
          </exception> <!-- org.openqa.selenium.NoSuchWindowException -->
          <reporter-output>
          </reporter-output>
        </test-method> <!-- cart_remove_button -->
      </class> <!-- AddToCart.TestSuite_1 -->
      <class name="Navigation.TestSuite_2">
        <test-method signature="Navigate_LoginPage()[pri:0, instance:Navigation.TestSuite_2@7c711375]" started-at="2024-10-16T20:27:17 EEST" name="Navigate_LoginPage" finished-at="2024-10-16T20:27:24 EEST" duration-ms="6649" status="PASS">
          <reporter-output>
          </reporter-output>
        </test-method> <!-- Navigate_LoginPage -->
      </class> <!-- Navigation.TestSuite_2 -->
      <class name="Login.TestSuite_1">
        <test-method signature="Login_without_credentials()[pri:0, instance:Login.TestSuite_1@54bff557]" started-at="2024-10-16T20:25:23 EEST" name="Login_without_credentials" finished-at="2024-10-16T20:25:26 EEST" duration-ms="2972" status="PASS">
          <reporter-output>
          </reporter-output>
        </test-method> <!-- Login_without_credentials -->
        <test-method signature="Login_without_credentials_close_button()[pri:0, instance:Login.TestSuite_1@54bff557]" started-at="2024-10-16T20:25:26 EEST" name="Login_without_credentials_close_button" finished-at="2024-10-16T20:25:29 EEST" duration-ms="3412" status="PASS">
          <reporter-output>
          </reporter-output>
        </test-method> <!-- Login_without_credentials_close_button -->
      </class> <!-- Login.TestSuite_1 -->
      <class name="Navigation.TestSuite_3">
        <test-method signature="Navigate_Facebook()[pri:0, instance:Navigation.TestSuite_3@593aaf41]" started-at="2024-10-16T20:25:29 EEST" name="Navigate_Facebook" finished-at="2024-10-16T20:25:33 EEST" duration-ms="3343" status="PASS">
          <reporter-output>
          </reporter-output>
        </test-method> <!-- Navigate_Facebook -->
        <test-method signature="Navigate_LinkedIN()[pri:0, instance:Navigation.TestSuite_3@593aaf41]" started-at="2024-10-16T20:25:33 EEST" name="Navigate_LinkedIN" finished-at="2024-10-16T20:25:38 EEST" duration-ms="5000" status="PASS">
          <reporter-output>
          </reporter-output>
        </test-method> <!-- Navigate_LinkedIN -->
        <test-method signature="Navigate_Twitter()[pri:0, instance:Navigation.TestSuite_3@593aaf41]" started-at="2024-10-16T20:25:38 EEST" name="Navigate_Twitter" finished-at="2024-10-16T20:25:46 EEST" duration-ms="8239" status="PASS">
          <reporter-output>
          </reporter-output>
        </test-method> <!-- Navigate_Twitter -->
      </class> <!-- Navigation.TestSuite_3 -->
      <class name="Login.TestSuite_3">
        <test-method signature="Login_with_wrong_credentials()[pri:0, instance:Login.TestSuite_3@58695725]" started-at="2024-10-16T20:25:12 EEST" name="Login_with_wrong_credentials" finished-at="2024-10-16T20:25:14 EEST" duration-ms="2647" status="PASS">
          <reporter-output>
          </reporter-output>
        </test-method> <!-- Login_with_wrong_credentials -->
        <test-method signature="Login_with_wrong_credentials_close_button()[pri:0, instance:Login.TestSuite_3@58695725]" started-at="2024-10-16T20:25:14 EEST" name="Login_with_wrong_credentials_close_button" finished-at="2024-10-16T20:25:17 EEST" duration-ms="2523" status="PASS">
          <reporter-output>
          </reporter-output>
        </test-method> <!-- Login_with_wrong_credentials_close_button -->
      </class> <!-- Login.TestSuite_3 -->
      <class name="Login.TestSuite_2">
        <test-method signature="Login_without_password()[pri:0, instance:Login.TestSuite_2@1de76cc7]" started-at="2024-10-16T20:25:17 EEST" name="Login_without_password" finished-at="2024-10-16T20:25:19 EEST" duration-ms="1911" status="PASS">
          <reporter-output>
          </reporter-output>
        </test-method> <!-- Login_without_password -->
        <test-method signature="Login_without_password_close_button()[pri:0, instance:Login.TestSuite_2@1de76cc7]" started-at="2024-10-16T20:25:19 EEST" name="Login_without_password_close_button" finished-at="2024-10-16T20:25:21 EEST" duration-ms="1945" status="PASS">
          <reporter-output>
          </reporter-output>
        </test-method> <!-- Login_without_password_close_button -->
        <test-method signature="Login_without_username()[pri:0, instance:Login.TestSuite_2@1de76cc7]" started-at="2024-10-16T20:25:21 EEST" name="Login_without_username" finished-at="2024-10-16T20:25:23 EEST" duration-ms="2120" status="PASS">
          <reporter-output>
          </reporter-output>
        </test-method> <!-- Login_without_username -->
      </class> <!-- Login.TestSuite_2 -->
      <class name="Login.TestSuite_4">
        <test-method signature="Login_with_correct_credentials()[pri:0, instance:Login.TestSuite_4@5b03b9fe]" started-at="2024-10-16T20:29:12 EEST" name="Login_with_correct_credentials" finished-at="2024-10-16T20:29:14 EEST" duration-ms="2129" status="PASS">
          <reporter-output>
          </reporter-output>
        </test-method> <!-- Login_with_correct_credentials -->
      </class> <!-- Login.TestSuite_4 -->
    </test> <!-- Test -->
  </suite> <!-- Suite -->
</testng-results>
